This file contains any messages produced by compilers while
running configure, to aid debugging if configure makes a mistake.

It was created by exp_hole configure 1.0, which was
generated by GNU Autoconf 2.68.  Invocation command line was

  $ ./configure 

## --------- ##
## Platform. ##
## --------- ##

hostname = wavelee-VirtualBox
uname -m = i686
uname -r = 3.2.0-60-generic-pae
uname -s = Linux
uname -v = #91-Ubuntu SMP Wed Feb 19 04:14:56 UTC 2014

/usr/bin/uname -p = unknown
/bin/uname -X     = unknown

/bin/arch              = unknown
/usr/bin/arch -k       = unknown
/usr/convex/getsysinfo = unknown
/usr/bin/hostinfo      = unknown
/bin/machine           = unknown
/usr/bin/oslevel       = unknown
/bin/universe          = unknown

PATH: /home/wavelee/CodeSourcery/Sourcery_CodeBench_Lite_for_ARM_EABI/bin
PATH: /usr/lib/lightdm/lightdm
PATH: /usr/local/sbin
PATH: /usr/local/bin
PATH: /usr/sbin
PATH: /usr/bin
PATH: /sbin
PATH: /bin
PATH: /usr/games


## ----------- ##
## Core tests. ##
## ----------- ##

configure:2105: checking for a BSD-compatible install
configure:2173: result: /usr/bin/install -c
configure:2184: checking whether build environment is sane
configure:2234: result: yes
configure:2375: checking for a thread-safe mkdir -p
configure:2414: result: /bin/mkdir -p
configure:2427: checking for gawk
configure:2457: result: no
configure:2427: checking for mawk
configure:2443: found /usr/bin/mawk
configure:2454: result: mawk
configure:2465: checking whether make sets $(MAKE)
configure:2487: result: yes
configure:2617: checking for gcc
configure:2633: found /usr/bin/gcc
configure:2644: result: gcc
configure:2873: checking for C compiler version
configure:2882: gcc --version >&5
gcc (Ubuntu/Linaro 4.6.3-1ubuntu5) 4.6.3
Copyright (C) 2011 Free Software Foundation, Inc.
This is free software; see the source for copying conditions.  There is NO
warranty; not even for MERCHANTABILITY or FITNESS FOR A PARTICULAR PURPOSE.

configure:2893: $? = 0
configure:2882: gcc -v >&5
Using built-in specs.
COLLECT_GCC=gcc
COLLECT_LTO_WRAPPER=/usr/lib/gcc/i686-linux-gnu/4.6/lto-wrapper
Target: i686-linux-gnu
Configured with: ../src/configure -v --with-pkgversion='Ubuntu/Linaro 4.6.3-1ubuntu5' --with-bugurl=file:///usr/share/doc/gcc-4.6/README.Bugs --enable-languages=c,c++,fortran,objc,obj-c++ --prefix=/usr --program-suffix=-4.6 --enable-shared --enable-linker-build-id --with-system-zlib --libexecdir=/usr/lib --without-included-gettext --enable-threads=posix --with-gxx-include-dir=/usr/include/c++/4.6 --libdir=/usr/lib --enable-nls --with-sysroot=/ --enable-clocale=gnu --enable-libstdcxx-debug --enable-libstdcxx-time=yes --enable-gnu-unique-object --enable-plugin --enable-objc-gc --enable-targets=all --disable-werror --with-arch-32=i686 --with-tune=generic --enable-checking=release --build=i686-linux-gnu --host=i686-linux-gnu --target=i686-linux-gnu
Thread model: posix
gcc version 4.6.3 (Ubuntu/Linaro 4.6.3-1ubuntu5) 
configure:2893: $? = 0
configure:2882: gcc -V >&5
gcc: error: unrecognized option '-V'
gcc: fatal error: no input files
compilation terminated.
configure:2893: $? = 4
configure:2882: gcc -qversion >&5
gcc: error: unrecognized option '-qversion'
gcc: fatal error: no input files
compilation terminated.
configure:2893: $? = 4
configure:2913: checking whether the C compiler works
configure:2935: gcc    conftest.c  >&5
configure:2939: $? = 0
configure:2987: result: yes
configure:2990: checking for C compiler default output file name
configure:2992: result: a.out
configure:2998: checking for suffix of executables
configure:3005: gcc -o conftest    conftest.c  >&5
configure:3009: $? = 0
configure:3031: result: 
configure:3053: checking whether we are cross compiling
configure:3061: gcc -o conftest    conftest.c  >&5
configure:3065: $? = 0
configure:3072: ./conftest
configure:3076: $? = 0
configure:3091: result: no
configure:3096: checking for suffix of object files
configure:3118: gcc -c   conftest.c >&5
configure:3122: $? = 0
configure:3143: result: o
configure:3147: checking whether we are using the GNU C compiler
configure:3166: gcc -c   conftest.c >&5
configure:3166: $? = 0
configure:3175: result: yes
configure:3184: checking whether gcc accepts -g
configure:3204: gcc -c -g  conftest.c >&5
configure:3204: $? = 0
configure:3245: result: yes
configure:3262: checking for gcc option to accept ISO C89
configure:3326: gcc  -c -g -O2  conftest.c >&5
configure:3326: $? = 0
configure:3339: result: none needed
configure:3370: checking for style of include used by make
configure:3398: result: GNU
configure:3424: checking dependency style of gcc
configure:3535: result: gcc3
configure:3560: checking how to run the C preprocessor
configure:3591: gcc -E  conftest.c
configure:3591: $? = 0
configure:3605: gcc -E  conftest.c
conftest.c:11:28: fatal error: ac_nonexistent.h: No such file or directory
compilation terminated.
configure:3605: $? = 1
configure: failed program was:
| /* confdefs.h */
| #define PACKAGE_NAME "exp_hole"
| #define PACKAGE_TARNAME "exp_hole"
| #define PACKAGE_VERSION "1.0"
| #define PACKAGE_STRING "exp_hole 1.0"
| #define PACKAGE_BUGREPORT "wavelee@outlook.com"
| #define PACKAGE_URL ""
| #define PACKAGE "exp_hole"
| #define VERSION "1.0"
| /* end confdefs.h.  */
| #include <ac_nonexistent.h>
configure:3630: result: gcc -E
configure:3650: gcc -E  conftest.c
configure:3650: $? = 0
configure:3664: gcc -E  conftest.c
conftest.c:11:28: fatal error: ac_nonexistent.h: No such file or directory
compilation terminated.
configure:3664: $? = 1
configure: failed program was:
| /* confdefs.h */
| #define PACKAGE_NAME "exp_hole"
| #define PACKAGE_TARNAME "exp_hole"
| #define PACKAGE_VERSION "1.0"
| #define PACKAGE_STRING "exp_hole 1.0"
| #define PACKAGE_BUGREPORT "wavelee@outlook.com"
| #define PACKAGE_URL ""
| #define PACKAGE "exp_hole"
| #define VERSION "1.0"
| /* end confdefs.h.  */
| #include <ac_nonexistent.h>
configure:3693: checking for grep that handles long lines and -e
configure:3751: result: /bin/grep
configure:3756: checking for egrep
configure:3818: result: /bin/grep -E
configure:3823: checking for ANSI C header files
configure:3843: gcc -c -g -O2  conftest.c >&5
configure:3843: $? = 0
configure:3916: gcc -o conftest -g -O2   conftest.c  >&5
configure:3916: $? = 0
configure:3916: ./conftest
configure:3916: $? = 0
configure:3927: result: yes
configure:3940: checking for sys/types.h
configure:3940: gcc -c -g -O2  conftest.c >&5
configure:3940: $? = 0
configure:3940: result: yes
configure:3940: checking for sys/stat.h
configure:3940: gcc -c -g -O2  conftest.c >&5
configure:3940: $? = 0
configure:3940: result: yes
configure:3940: checking for stdlib.h
configure:3940: gcc -c -g -O2  conftest.c >&5
configure:3940: $? = 0
configure:3940: result: yes
configure:3940: checking for string.h
configure:3940: gcc -c -g -O2  conftest.c >&5
configure:3940: $? = 0
configure:3940: result: yes
configure:3940: checking for memory.h
configure:3940: gcc -c -g -O2  conftest.c >&5
configure:3940: $? = 0
configure:3940: result: yes
configure:3940: checking for strings.h
configure:3940: gcc -c -g -O2  conftest.c >&5
configure:3940: $? = 0
configure:3940: result: yes
configure:3940: checking for inttypes.h
configure:3940: gcc -c -g -O2  conftest.c >&5
configure:3940: $? = 0
configure:3940: result: yes
configure:3940: checking for stdint.h
configure:3940: gcc -c -g -O2  conftest.c >&5
configure:3940: $? = 0
configure:3940: result: yes
configure:3940: checking for unistd.h
configure:3940: gcc -c -g -O2  conftest.c >&5
configure:3940: $? = 0
configure:3940: result: yes
configure:3954: checking fcntl.h usability
configure:3954: gcc -c -g -O2  conftest.c >&5
configure:3954: $? = 0
configure:3954: result: yes
configure:3954: checking fcntl.h presence
configure:3954: gcc -E  conftest.c
configure:3954: $? = 0
configure:3954: result: yes
configure:3954: checking for fcntl.h
configure:3954: result: yes
configure:3966: checking for off_t
configure:3966: gcc -c -g -O2  conftest.c >&5
configure:3966: $? = 0
configure:3966: gcc -c -g -O2  conftest.c >&5
conftest.c: In function 'main':
conftest.c:58:20: error: expected expression before ')' token
configure:3966: $? = 1
configure: failed program was:
| /* confdefs.h */
| #define PACKAGE_NAME "exp_hole"
| #define PACKAGE_TARNAME "exp_hole"
| #define PACKAGE_VERSION "1.0"
| #define PACKAGE_STRING "exp_hole 1.0"
| #define PACKAGE_BUGREPORT "wavelee@outlook.com"
| #define PACKAGE_URL ""
| #define PACKAGE "exp_hole"
| #define VERSION "1.0"
| #define STDC_HEADERS 1
| #define HAVE_SYS_TYPES_H 1
| #define HAVE_SYS_STAT_H 1
| #define HAVE_STDLIB_H 1
| #define HAVE_STRING_H 1
| #define HAVE_MEMORY_H 1
| #define HAVE_STRINGS_H 1
| #define HAVE_INTTYPES_H 1
| #define HAVE_STDINT_H 1
| #define HAVE_UNISTD_H 1
| #define HAVE_FCNTL_H 1
| /* end confdefs.h.  */
| #include <stdio.h>
| #ifdef HAVE_SYS_TYPES_H
| # include <sys/types.h>
| #endif
| #ifdef HAVE_SYS_STAT_H
| # include <sys/stat.h>
| #endif
| #ifdef STDC_HEADERS
| # include <stdlib.h>
| # include <stddef.h>
| #else
| # ifdef HAVE_STDLIB_H
| #  include <stdlib.h>
| # endif
| #endif
| #ifdef HAVE_STRING_H
| # if !defined STDC_HEADERS && defined HAVE_MEMORY_H
| #  include <memory.h>
| # endif
| # include <string.h>
| #endif
| #ifdef HAVE_STRINGS_H
| # include <strings.h>
| #endif
| #ifdef HAVE_INTTYPES_H
| # include <inttypes.h>
| #endif
| #ifdef HAVE_STDINT_H
| # include <stdint.h>
| #endif
| #ifdef HAVE_UNISTD_H
| # include <unistd.h>
| #endif
| int
| main ()
| {
| if (sizeof ((off_t)))
| 	    return 0;
|   ;
|   return 0;
| }
configure:3966: result: yes
configure:3977: checking for ssize_t
configure:3977: gcc -c -g -O2  conftest.c >&5
configure:3977: $? = 0
configure:3977: gcc -c -g -O2  conftest.c >&5
conftest.c: In function 'main':
conftest.c:58:22: error: expected expression before ')' token
configure:3977: $? = 1
configure: failed program was:
| /* confdefs.h */
| #define PACKAGE_NAME "exp_hole"
| #define PACKAGE_TARNAME "exp_hole"
| #define PACKAGE_VERSION "1.0"
| #define PACKAGE_STRING "exp_hole 1.0"
| #define PACKAGE_BUGREPORT "wavelee@outlook.com"
| #define PACKAGE_URL ""
| #define PACKAGE "exp_hole"
| #define VERSION "1.0"
| #define STDC_HEADERS 1
| #define HAVE_SYS_TYPES_H 1
| #define HAVE_SYS_STAT_H 1
| #define HAVE_STDLIB_H 1
| #define HAVE_STRING_H 1
| #define HAVE_MEMORY_H 1
| #define HAVE_STRINGS_H 1
| #define HAVE_INTTYPES_H 1
| #define HAVE_STDINT_H 1
| #define HAVE_UNISTD_H 1
| #define HAVE_FCNTL_H 1
| /* end confdefs.h.  */
| #include <stdio.h>
| #ifdef HAVE_SYS_TYPES_H
| # include <sys/types.h>
| #endif
| #ifdef HAVE_SYS_STAT_H
| # include <sys/stat.h>
| #endif
| #ifdef STDC_HEADERS
| # include <stdlib.h>
| # include <stddef.h>
| #else
| # ifdef HAVE_STDLIB_H
| #  include <stdlib.h>
| # endif
| #endif
| #ifdef HAVE_STRING_H
| # if !defined STDC_HEADERS && defined HAVE_MEMORY_H
| #  include <memory.h>
| # endif
| # include <string.h>
| #endif
| #ifdef HAVE_STRINGS_H
| # include <strings.h>
| #endif
| #ifdef HAVE_INTTYPES_H
| # include <inttypes.h>
| #endif
| #ifdef HAVE_STDINT_H
| # include <stdint.h>
| #endif
| #ifdef HAVE_UNISTD_H
| # include <unistd.h>
| #endif
| int
| main ()
| {
| if (sizeof ((ssize_t)))
| 	    return 0;
|   ;
|   return 0;
| }
configure:3977: result: yes
configure:4123: creating ./config.status

## ---------------------- ##
## Running config.status. ##
## ---------------------- ##

This file was extended by exp_hole config.status 1.0, which was
generated by GNU Autoconf 2.68.  Invocation command line was

  CONFIG_FILES    = 
  CONFIG_HEADERS  = 
  CONFIG_LINKS    = 
  CONFIG_COMMANDS = 
  $ ./config.status 

on wavelee-VirtualBox

config.status:861: creating Makefile
config.status:861: creating config.h
config.status:1090: executing depfiles commands

## ---------------- ##
## Cache variables. ##
## ---------------- ##

ac_cv_c_compiler_gnu=yes
ac_cv_env_CC_set=
ac_cv_env_CC_value=
ac_cv_env_CFLAGS_set=
ac_cv_env_CFLAGS_value=
ac_cv_env_CPPFLAGS_set=
ac_cv_env_CPPFLAGS_value=
ac_cv_env_CPP_set=
ac_cv_env_CPP_value=
ac_cv_env_LDFLAGS_set=
ac_cv_env_LDFLAGS_value=
ac_cv_env_LIBS_set=
ac_cv_env_LIBS_value=
ac_cv_env_build_alias_set=
ac_cv_env_build_alias_value=
ac_cv_env_host_alias_set=
ac_cv_env_host_alias_value=
ac_cv_env_target_alias_set=
ac_cv_env_target_alias_value=
ac_cv_header_fcntl_h=yes
ac_cv_header_inttypes_h=yes
ac_cv_header_memory_h=yes
ac_cv_header_stdc=yes
ac_cv_header_stdint_h=yes
ac_cv_header_stdlib_h=yes
ac_cv_header_string_h=yes
ac_cv_header_strings_h=yes
ac_cv_header_sys_stat_h=yes
ac_cv_header_sys_types_h=yes
ac_cv_header_unistd_h=yes
ac_cv_objext=o
ac_cv_path_EGREP='/bin/grep -E'
ac_cv_path_GREP=/bin/grep
ac_cv_path_install='/usr/bin/install -c'
ac_cv_path_mkdir=/bin/mkdir
ac_cv_prog_AWK=mawk
ac_cv_prog_CPP='gcc -E'
ac_cv_prog_ac_ct_CC=gcc
ac_cv_prog_cc_c89=
ac_cv_prog_cc_g=yes
ac_cv_prog_make_make_set=yes
ac_cv_type_off_t=yes
ac_cv_type_ssize_t=yes
am_cv_CC_dependencies_compiler_type=gcc3

## ----------------- ##
## Output variables. ##
## ----------------- ##

ACLOCAL='${SHELL} /home/wavelee/文档/code/linux_programing/linux_c/exp_hole/missing --run aclocal-1.11'
AMDEPBACKSLASH='\'
AMDEP_FALSE='#'
AMDEP_TRUE=''
AMTAR='$${TAR-tar}'
AUTOCONF='${SHELL} /home/wavelee/文档/code/linux_programing/linux_c/exp_hole/missing --run autoconf'
AUTOHEADER='${SHELL} /home/wavelee/文档/code/linux_programing/linux_c/exp_hole/missing --run autoheader'
AUTOMAKE='${SHELL} /home/wavelee/文档/code/linux_programing/linux_c/exp_hole/missing --run automake-1.11'
AWK='mawk'
CC='gcc'
CCDEPMODE='depmode=gcc3'
CFLAGS='-g -O2'
CPP='gcc -E'
CPPFLAGS=''
CYGPATH_W='echo'
DEFS='-DHAVE_CONFIG_H'
DEPDIR='.deps'
ECHO_C=''
ECHO_N='-n'
ECHO_T=''
EGREP='/bin/grep -E'
EXEEXT=''
GREP='/bin/grep'
INSTALL_DATA='${INSTALL} -m 644'
INSTALL_PROGRAM='${INSTALL}'
INSTALL_SCRIPT='${INSTALL}'
INSTALL_STRIP_PROGRAM='$(install_sh) -c -s'
LDFLAGS=''
LIBOBJS=''
LIBS=''
LTLIBOBJS=''
MAKEINFO='${SHELL} /home/wavelee/文档/code/linux_programing/linux_c/exp_hole/missing --run makeinfo'
MKDIR_P='/bin/mkdir -p'
OBJEXT='o'
PACKAGE='exp_hole'
PACKAGE_BUGREPORT='wavelee@outlook.com'
PACKAGE_NAME='exp_hole'
PACKAGE_STRING='exp_hole 1.0'
PACKAGE_TARNAME='exp_hole'
PACKAGE_URL=''
PACKAGE_VERSION='1.0'
PATH_SEPARATOR=':'
SET_MAKE=''
SHELL='/bin/sh'
STRIP=''
VERSION='1.0'
ac_ct_CC='gcc'
am__EXEEXT_FALSE=''
am__EXEEXT_TRUE='#'
am__fastdepCC_FALSE='#'
am__fastdepCC_TRUE=''
am__include='include'
am__isrc=''
am__leading_dot='.'
am__nodep='_no'
am__quote=''
am__tar='$${TAR-tar} chof - "$$tardir"'
am__untar='$${TAR-tar} xf -'
bindir='${exec_prefix}/bin'
build_alias=''
datadir='${datarootdir}'
datarootdir='${prefix}/share'
docdir='${datarootdir}/doc/${PACKAGE_TARNAME}'
dvidir='${docdir}'
exec_prefix='${prefix}'
host_alias=''
htmldir='${docdir}'
includedir='${prefix}/include'
infodir='${datarootdir}/info'
install_sh='${SHELL} /home/wavelee/文档/code/linux_programing/linux_c/exp_hole/install-sh'
libdir='${exec_prefix}/lib'
libexecdir='${exec_prefix}/libexec'
localedir='${datarootdir}/locale'
localstatedir='${prefix}/var'
mandir='${datarootdir}/man'
mkdir_p='/bin/mkdir -p'
oldincludedir='/usr/include'
pdfdir='${docdir}'
prefix='/usr/local'
program_transform_name='s,x,x,'
psdir='${docdir}'
sbindir='${exec_prefix}/sbin'
sharedstatedir='${prefix}/com'
sysconfdir='${prefix}/etc'
target_alias=''

## ----------- ##
## confdefs.h. ##
## ----------- ##

/* confdefs.h */
#define PACKAGE_NAME "exp_hole"
#define PACKAGE_TARNAME "exp_hole"
#define PACKAGE_VERSION "1.0"
#define PACKAGE_STRING "exp_hole 1.0"
#define PACKAGE_BUGREPORT "wavelee@outlook.com"
#define PACKAGE_URL ""
#define PACKAGE "exp_hole"
#define VERSION "1.0"
#define STDC_HEADERS 1
#define HAVE_SYS_TYPES_H 1
#define HAVE_SYS_STAT_H 1
#define HAVE_STDLIB_H 1
#define HAVE_STRING_H 1
#define HAVE_MEMORY_H 1
#define HAVE_STRINGS_H 1
#define HAVE_INTTYPES_H 1
#define HAVE_STDINT_H 1
#define HAVE_UNISTD_H 1
#define HAVE_FCNTL_H 1

configure: exit 0
